installed/build/outputs/logs/manifest-merger-release-report.txt
-- Merging decision tree log ---
manifest
ADDED from src/main/AndroidManifest.xml:17:1-18:62
INJECTED from src/main/AndroidManifest.xml:17:1-18:62
INJECTED from src/main/AndroidManifest.xml:17:1-18:62
INJECTED from src/main/AndroidManifest.xml:17:1-18:62
MERGED from [:feature] AndroidManifest.xml:17:1-84:12
MERGED from [com.android.support:appcompat-v7:27.0.1] AndroidManifest.xml:17:1-22:12
MERGED from [com.android.support.constraint:constraint-layout:1.0.2] AndroidManifest.xml:2:1-11:12
MERGED from [com.android.support:support-fragment:27.0.1] AndroidManifest.xml:17:1-22:12
MERGED from [com.android.support:support-core-utils:27.0.1] AndroidManifest.xml:17:1-22:12
MERGED from [com.android.support:animated-vector-drawable:27.0.1] AndroidManifest.xml:17:1-22:12
MERGED from [com.android.support:support-vector-drawable:27.0.1] AndroidManifest.xml:17:1-22:12
MERGED from [com.android.support:support-core-ui:27.0.1] AndroidManifest.xml:17:1-22:12
MERGED from [com.android.support:support-compat:27.0.1] AndroidManifest.xml:17:1-22:12
MERGED from [android.arch.lifecycle:runtime:1.0.0] AndroidManifest.xml:17:1-30:12
INJECTED from src/main/AndroidManifest.xml:17:1-18:62
INJECTED from src/main/AndroidManifest.xml:17:1-18:62
INJECTED from src/main/AndroidManifest.xml:17:1-18:62
	package
		ADDED from src/main/AndroidManifest.xml:18:5-59
		INJECTED from src/main/AndroidManifest.xml
		INJECTED from src/main/AndroidManifest.xml
	android:versionName
		INJECTED from src/main/AndroidManifest.xml
		ADDED from src/main/AndroidManifest.xml:17:1-18:62
		INJECTED from src/main/AndroidManifest.xml
	android:versionCode
		INJECTED from src/main/AndroidManifest.xml
		ADDED from src/main/AndroidManifest.xml:17:1-18:62
		INJECTED from src/main/AndroidManifest.xml
	xmlns:android
		ADDED from src/main/AndroidManifest.xml:17:11-69
uses-sdk
INJECTED from src/main/AndroidManifest.xml reason: use-sdk injection requested
INJECTED from src/main/AndroidManifest.xml
INJECTED from src/main/AndroidManifest.xml
MERGED from [:feature] AndroidManifest.xml:22:5-24:41
MERGED from [:feature] AndroidManifest.xml:22:5-24:41
MERGED from [com.android.support:appcompat-v7:27.0.1] AndroidManifest.xml:20:5-44
MERGED from [com.android.support:appcompat-v7:27.0.1] AndroidManifest.xml:20:5-44
MERGED from [com.android.support.constraint:constraint-layout:1.0.2] AndroidManifest.xml:5:5-7:41
MERGED from [com.android.support.constraint:constraint-layout:1.0.2] AndroidManifest.xml:5:5-7:41
MERGED from [com.android.support:support-fragment:27.0.1] AndroidManifest.xml:20:5-44
MERGED from [com.android.support:support-fragment:27.0.1] AndroidManifest.xml:20:5-44
MERGED from [com.android.support:support-core-utils:27.0.1] AndroidManifest.xml:20:5-44
MERGED from [com.android.support:support-core-utils:27.0.1] AndroidManifest.xml:20:5-44
MERGED from [com.android.support:animated-vector-drawable:27.0.1] AndroidManifest.xml:20:5-44
MERGED from [com.android.support:animated-vector-drawable:27.0.1] AndroidManifest.xml:20:5-44
MERGED from [com.android.support:support-vector-drawable:27.0.1] AndroidManifest.xml:20:5-44
MERGED from [com.android.support:support-vector-drawable:27.0.1] AndroidManifest.xml:20:5-44
MERGED from [com.android.support:support-core-ui:27.0.1] AndroidManifest.xml:20:5-44
MERGED from [com.android.support:support-core-ui:27.0.1] AndroidManifest.xml:20:5-44
MERGED from [com.android.support:support-compat:27.0.1] AndroidManifest.xml:20:5-44
MERGED from [com.android.support:support-compat:27.0.1] AndroidManifest.xml:20:5-44
MERGED from [android.arch.lifecycle:runtime:1.0.0] AndroidManifest.xml:20:5-22:41
MERGED from [android.arch.lifecycle:runtime:1.0.0] AndroidManifest.xml:20:5-22:41
INJECTED from src/main/AndroidManifest.xml
INJECTED from src/main/AndroidManifest.xml
	android:targetSdkVersion
		INJECTED from src/main/AndroidManifest.xml
		ADDED from src/main/AndroidManifest.xml
		INJECTED from src/main/AndroidManifest.xml
	android:minSdkVersion
		INJECTED from src/main/AndroidManifest.xml
		ADDED from src/main/AndroidManifest.xml
		INJECTED from src/main/AndroidManifest.xml
uses-permission#android.permission.INTERNET
ADDED from [:feature] AndroidManifest.xml:26:5-67
	android:name
		ADDED from [:feature] AndroidManifest.xml:26:22-64
uses-permission#android.permission.READ_EXTERNAL_STORAGE
ADDED from [:feature] AndroidManifest.xml:28:5-80
	android:name
		ADDED from [:feature] AndroidManifest.xml:28:22-77
uses-feature#android.hardware.Camera
ADDED from [:feature] AndroidManifest.xml:30:5-32:35
	android:required
		ADDED from [:feature] AndroidManifest.xml:32:9-32
	android:name
		ADDED from [:feature] AndroidManifest.xml:31:9-47
application
ADDED from [:feature] AndroidManifest.xml:34:5-82:19
MERGED from [com.android.support.constraint:constraint-layout:1.0.2] AndroidManifest.xml:9:5-20
MERGED from [com.android.support.constraint:constraint-layout:1.0.2] AndroidManifest.xml:9:5-20
MERGED from [android.arch.lifecycle:runtime:1.0.0] AndroidManifest.xml:24:5-28:19
MERGED from [android.arch.lifecycle:runtime:1.0.0] AndroidManifest.xml:24:5-28:19
	android:supportsRtl
		ADDED from [:feature] AndroidManifest.xml:37:9-35
	android:label
		ADDED from [:feature] AndroidManifest.xml:36:9-41
	android:allowBackup
		ADDED from [:feature] AndroidManifest.xml:35:9-35
	android:theme
		ADDED from [:feature] AndroidManifest.xml:38:9-40
activity#com.google.android.instantapps.samples.hello.feature.HelloActivity
ADDED from [:feature] AndroidManifest.xml:39:9-64:20
	android:label
		ADDED from [:feature] AndroidManifest.xml:41:13-57
	android:name
		ADDED from [:feature] AndroidManifest.xml:40:13-94
intent-filter#action:name:android.intent.action.MAIN+category:name:android.intent.category.LAUNCHER
ADDED from [:feature] AndroidManifest.xml:42:13-46:29
action#android.intent.action.MAIN
ADDED from [:feature] AndroidManifest.xml:43:17-69
	android:name
		ADDED from [:feature] AndroidManifest.xml:43:25-66
category#android.intent.category.LAUNCHER
ADDED from [:feature] AndroidManifest.xml:45:17-77
	android:name
		ADDED from [:feature] AndroidManifest.xml:45:27-74
intent-filter#action:name:android.intent.action.VIEW+category:name:android.intent.category.BROWSABLE+category:name:android.intent.category.DEFAULT+data:host:hello.instantappsample.com+data:pathPrefix:/hello+data:scheme:http+data:scheme:https
ADDED from [:feature] AndroidManifest.xml:47:13-59:29
	android:autoVerify
		ADDED from [:feature] AndroidManifest.xml:48:17-42
	android:order
		ADDED from [:feature] AndroidManifest.xml:49:17-34
action#android.intent.action.VIEW
ADDED from [:feature] AndroidManifest.xml:50:17-69
	android:name
		ADDED from [:feature] AndroidManifest.xml:50:25-66
category#android.intent.category.BROWSABLE
ADDED from [:feature] AndroidManifest.xml:52:17-78
	android:name
		ADDED from [:feature] AndroidManifest.xml:52:27-75
category#android.intent.category.DEFAULT
ADDED from [:feature] AndroidManifest.xml:53:17-76
	android:name
		ADDED from [:feature] AndroidManifest.xml:53:27-73
data
ADDED from [:feature] AndroidManifest.xml:55:17-48
	android:scheme
		ADDED from [:feature] AndroidManifest.xml:55:23-45
meta-data#default-url
ADDED from [:feature] AndroidManifest.xml:61:13-63:76
	android:value
		ADDED from [:feature] AndroidManifest.xml:63:17-73
	android:name
		ADDED from [:feature] AndroidManifest.xml:62:17-43
activity#com.google.android.instantapps.samples.hello.feature.GoodbyeActivity
ADDED from [:feature] AndroidManifest.xml:65:9-81:20
	android:label
		ADDED from [:feature] AndroidManifest.xml:67:13-59
	android:name
		ADDED from [:feature] AndroidManifest.xml:66:13-96
intent-filter#action:name:android.intent.action.VIEW+category:name:android.intent.category.BROWSABLE+category:name:android.intent.category.DEFAULT+data:host:hello.instantappsample.com+data:pathPrefix:/goodbye+data:scheme:http+data:scheme:https
ADDED from [:feature] AndroidManifest.xml:68:13-80:29
	android:autoVerify
		ADDED from [:feature] AndroidManifest.xml:69:17-42
	android:order
		ADDED from [:feature] AndroidManifest.xml:70:17-34
meta-data#android.arch.lifecycle.VERSION
ADDED from [android.arch.lifecycle:runtime:1.0.0] AndroidManifest.xml:25:9-27:47
	android:value
		ADDED from [android.arch.lifecycle:runtime:1.0.0] AndroidManifest.xml:27:13-44
	android:name
		ADDED from [android.arch.lifecycle:runtime:1.0.0] AndroidManifest.xml:26:13-58